<?xml version="1.0" encoding="UTF-8"?>
<testsuite name="MockMvcHelper" tests="0" skipped="0" failures="0" errors="0" timestamp="1970-01-01T00:00:00" hostname="rustam" time="0.0">
  <properties/>
  <system-out><![CDATA[2019-10-12 20:27:16.419  INFO 19263 --- [    Test worker] .b.t.c.SpringBootTestContextBootstrapper : Neither @ContextConfiguration nor @ContextHierarchy found for test class [MockMvcHelper], using SpringBootContextLoader
2019-10-12 20:27:16.421  INFO 19263 --- [    Test worker] o.s.t.c.support.AbstractContextLoader    : Could not detect default resource locations for test class [MockMvcHelper]: no resource found for suffixes {-context.xml, Context.groovy}.
2019-10-12 20:27:16.426  INFO 19263 --- [    Test worker] .b.t.c.SpringBootTestContextBootstrapper : Loaded default TestExecutionListener class names from location [META-INF/spring.factories]: [org.springframework.security.test.context.support.WithSecurityContextTestExecutionListener, org.springframework.security.test.context.support.ReactorContextTestExecutionListener, org.spockframework.spring.SpringMockTestExecutionListener, org.springframework.boot.test.autoconfigure.restdocs.RestDocsTestExecutionListener, org.springframework.boot.test.autoconfigure.web.client.MockRestServiceServerResetTestExecutionListener, org.springframework.boot.test.autoconfigure.web.servlet.MockMvcPrintOnlyOnFailureTestExecutionListener, org.springframework.boot.test.autoconfigure.web.servlet.WebDriverTestExecutionListener, org.springframework.boot.test.mock.mockito.MockitoTestExecutionListener, org.springframework.boot.test.mock.mockito.ResetMocksTestExecutionListener, org.springframework.test.context.web.ServletTestExecutionListener, org.springframework.test.context.support.DirtiesContextBeforeModesTestExecutionListener, org.springframework.test.context.support.DependencyInjectionTestExecutionListener, org.springframework.test.context.support.DirtiesContextTestExecutionListener, org.springframework.test.context.transaction.TransactionalTestExecutionListener, org.springframework.test.context.jdbc.SqlScriptsTestExecutionListener]
2019-10-12 20:27:16.428  INFO 19263 --- [    Test worker] .b.t.c.SpringBootTestContextBootstrapper : Using TestExecutionListeners: [org.springframework.test.context.web.ServletTestExecutionListener@10e929e0, org.springframework.test.context.support.DirtiesContextBeforeModesTestExecutionListener@6a3ba5a0, org.springframework.boot.test.mock.mockito.MockitoTestExecutionListener@1a69f1cb, org.springframework.boot.test.autoconfigure.SpringBootDependencyInjectionTestExecutionListener@48456f7d, org.springframework.test.context.support.DirtiesContextTestExecutionListener@113af9bc, org.springframework.test.context.transaction.TransactionalTestExecutionListener@261b489e, org.springframework.test.context.jdbc.SqlScriptsTestExecutionListener@7329023f, org.springframework.security.test.context.support.WithSecurityContextTestExecutionListener@10f4a5a0, org.springframework.security.test.context.support.ReactorContextTestExecutionListener@56c5491b, org.springframework.boot.test.autoconfigure.restdocs.RestDocsTestExecutionListener@2a66b4e5, org.springframework.boot.test.autoconfigure.web.client.MockRestServiceServerResetTestExecutionListener@11e5736c, org.springframework.boot.test.autoconfigure.web.servlet.MockMvcPrintOnlyOnFailureTestExecutionListener@24891d55, org.springframework.boot.test.autoconfigure.web.servlet.WebDriverTestExecutionListener@58f8054e, org.springframework.boot.test.mock.mockito.ResetMocksTestExecutionListener@47264328, org.spockframework.spring.SpringMockTestExecutionListener@7de236b3]
]]></system-out>
  <system-err><![CDATA[]]></system-err>
</testsuite>
