<?xml version="1.0" encoding="UTF-8"?>
<testsuite name="MockMvcHelper" tests="0" skipped="0" failures="0" errors="0" timestamp="1970-01-01T00:00:00" hostname="rustam" time="0.0">
  <properties/>
  <system-out><![CDATA[2019-10-06 15:13:10.273  INFO 22388 --- [    Test worker] .b.t.c.SpringBootTestContextBootstrapper : Neither @ContextConfiguration nor @ContextHierarchy found for test class [MockMvcHelper], using SpringBootContextLoader
2019-10-06 15:13:10.274  INFO 22388 --- [    Test worker] o.s.t.c.support.AbstractContextLoader    : Could not detect default resource locations for test class [MockMvcHelper]: no resource found for suffixes {-context.xml, Context.groovy}.
2019-10-06 15:13:10.281  INFO 22388 --- [    Test worker] .b.t.c.SpringBootTestContextBootstrapper : Loaded default TestExecutionListener class names from location [META-INF/spring.factories]: [org.springframework.security.test.context.support.WithSecurityContextTestExecutionListener, org.springframework.security.test.context.support.ReactorContextTestExecutionListener, org.spockframework.spring.SpringMockTestExecutionListener, org.springframework.boot.test.autoconfigure.restdocs.RestDocsTestExecutionListener, org.springframework.boot.test.autoconfigure.web.client.MockRestServiceServerResetTestExecutionListener, org.springframework.boot.test.autoconfigure.web.servlet.MockMvcPrintOnlyOnFailureTestExecutionListener, org.springframework.boot.test.autoconfigure.web.servlet.WebDriverTestExecutionListener, org.springframework.boot.test.mock.mockito.MockitoTestExecutionListener, org.springframework.boot.test.mock.mockito.ResetMocksTestExecutionListener, org.springframework.test.context.web.ServletTestExecutionListener, org.springframework.test.context.support.DirtiesContextBeforeModesTestExecutionListener, org.springframework.test.context.support.DependencyInjectionTestExecutionListener, org.springframework.test.context.support.DirtiesContextTestExecutionListener, org.springframework.test.context.transaction.TransactionalTestExecutionListener, org.springframework.test.context.jdbc.SqlScriptsTestExecutionListener]
2019-10-06 15:13:10.283  INFO 22388 --- [    Test worker] .b.t.c.SpringBootTestContextBootstrapper : Using TestExecutionListeners: [org.springframework.test.context.web.ServletTestExecutionListener@31d05f16, org.springframework.test.context.support.DirtiesContextBeforeModesTestExecutionListener@3f5d1dd9, org.springframework.boot.test.mock.mockito.MockitoTestExecutionListener@2d225ee, org.springframework.boot.test.autoconfigure.SpringBootDependencyInjectionTestExecutionListener@6cd4e11f, org.springframework.test.context.support.DirtiesContextTestExecutionListener@5f4f2b7c, org.springframework.test.context.transaction.TransactionalTestExecutionListener@8ab5699, org.springframework.test.context.jdbc.SqlScriptsTestExecutionListener@1bc5ef37, org.springframework.security.test.context.support.WithSecurityContextTestExecutionListener@50d22949, org.springframework.security.test.context.support.ReactorContextTestExecutionListener@7660ece4, org.springframework.boot.test.autoconfigure.restdocs.RestDocsTestExecutionListener@24ad632f, org.springframework.boot.test.autoconfigure.web.client.MockRestServiceServerResetTestExecutionListener@10259cda, org.springframework.boot.test.autoconfigure.web.servlet.MockMvcPrintOnlyOnFailureTestExecutionListener@51fc77f6, org.springframework.boot.test.autoconfigure.web.servlet.WebDriverTestExecutionListener@208aa6e1, org.springframework.boot.test.mock.mockito.ResetMocksTestExecutionListener@6ff11dc4, org.spockframework.spring.SpringMockTestExecutionListener@538e9fac]
]]></system-out>
  <system-err><![CDATA[]]></system-err>
</testsuite>
