<?xml version="1.0" encoding="UTF-8"?>
<testsuite name="ProjectControllerTest" tests="4" skipped="0" failures="0" errors="0" timestamp="2019-10-12T20:27:16" hostname="rustam" time="0.495">
  <properties/>
  <testcase name="Find project by id" classname="ProjectControllerTest" time="0.175"/>
  <testcase name="Find all projects by current user" classname="ProjectControllerTest" time="0.299"/>
  <testcase name="Create new project - 401" classname="ProjectControllerTest" time="0.01"/>
  <testcase name="Find project by id - 401" classname="ProjectControllerTest" time="0.011"/>
  <system-out><![CDATA[2019-10-12 20:27:16.436  INFO 19263 --- [    Test worker] .b.t.c.SpringBootTestContextBootstrapper : Neither @ContextConfiguration nor @ContextHierarchy found for test class [ProjectControllerTest], using SpringBootContextLoader
2019-10-12 20:27:16.437  INFO 19263 --- [    Test worker] o.s.t.c.support.AbstractContextLoader    : Could not detect default resource locations for test class [ProjectControllerTest]: no resource found for suffixes {-context.xml, Context.groovy}.
2019-10-12 20:27:16.444  INFO 19263 --- [    Test worker] .b.t.c.SpringBootTestContextBootstrapper : Loaded default TestExecutionListener class names from location [META-INF/spring.factories]: [org.springframework.security.test.context.support.WithSecurityContextTestExecutionListener, org.springframework.security.test.context.support.ReactorContextTestExecutionListener, org.spockframework.spring.SpringMockTestExecutionListener, org.springframework.boot.test.autoconfigure.restdocs.RestDocsTestExecutionListener, org.springframework.boot.test.autoconfigure.web.client.MockRestServiceServerResetTestExecutionListener, org.springframework.boot.test.autoconfigure.web.servlet.MockMvcPrintOnlyOnFailureTestExecutionListener, org.springframework.boot.test.autoconfigure.web.servlet.WebDriverTestExecutionListener, org.springframework.boot.test.mock.mockito.MockitoTestExecutionListener, org.springframework.boot.test.mock.mockito.ResetMocksTestExecutionListener, org.springframework.test.context.web.ServletTestExecutionListener, org.springframework.test.context.support.DirtiesContextBeforeModesTestExecutionListener, org.springframework.test.context.support.DependencyInjectionTestExecutionListener, org.springframework.test.context.support.DirtiesContextTestExecutionListener, org.springframework.test.context.transaction.TransactionalTestExecutionListener, org.springframework.test.context.jdbc.SqlScriptsTestExecutionListener]
2019-10-12 20:27:16.445  INFO 19263 --- [    Test worker] .b.t.c.SpringBootTestContextBootstrapper : Using TestExecutionListeners: [org.springframework.test.context.web.ServletTestExecutionListener@5d79e928, org.springframework.test.context.support.DirtiesContextBeforeModesTestExecutionListener@4abce726, org.springframework.boot.test.mock.mockito.MockitoTestExecutionListener@6ec512b6, org.springframework.boot.test.autoconfigure.SpringBootDependencyInjectionTestExecutionListener@54f5b3cc, org.springframework.test.context.support.DirtiesContextTestExecutionListener@46d720d3, org.springframework.test.context.transaction.TransactionalTestExecutionListener@6bff7af8, org.springframework.test.context.jdbc.SqlScriptsTestExecutionListener@2de99593, org.springframework.security.test.context.support.WithSecurityContextTestExecutionListener@547b3831, org.springframework.security.test.context.support.ReactorContextTestExecutionListener@2b555bd5, org.springframework.boot.test.autoconfigure.restdocs.RestDocsTestExecutionListener@3b6ddcfd, org.springframework.boot.test.autoconfigure.web.client.MockRestServiceServerResetTestExecutionListener@5ac9830e, org.springframework.boot.test.autoconfigure.web.servlet.MockMvcPrintOnlyOnFailureTestExecutionListener@57fe82d6, org.springframework.boot.test.autoconfigure.web.servlet.WebDriverTestExecutionListener@5674e00f, org.springframework.boot.test.mock.mockito.ResetMocksTestExecutionListener@32b4408, org.spockframework.spring.SpringMockTestExecutionListener@15ec6690]

MockHttpServletRequest:
      HTTP Method = GET
      Request URI = /api/project/find/9c580845-0dec-4f7c-8323-312722ca83f2
       Parameters = {}
          Headers = []
             Body = null
    Session Attrs = {}

Handler:
             Type = ru.rmamedov.taskmanager.controller.ProjectController
           Method = public org.springframework.http.ResponseEntity<ru.rmamedov.taskmanager.model.DTO.ProjectDetailsProjection> ru.rmamedov.taskmanager.controller.ProjectController.findById(java.lang.String)

Async:
    Async started = false
     Async result = null

Resolved Exception:
             Type = null

ModelAndView:
        View name = null
             View = null
            Model = null

FlashMap:
       Attributes = null

MockHttpServletResponse:
           Status = 200
    Error message = null
          Headers = [Content-Type:"application/json;charset=UTF-8", X-Content-Type-Options:"nosniff", X-XSS-Protection:"1; mode=block", Cache-Control:"no-cache, no-store, max-age=0, must-revalidate", Pragma:"no-cache", Expires:"0", X-Frame-Options:"DENY"]
     Content type = application/json;charset=UTF-8
             Body = {"created":"12/10/2019 20:27","updated":"12/10/2019 20:27","startDate":"13/10/2019","description":"VsBSweRubq","name":"zOhlSCloaJ","id":"9c580845-0dec-4f7c-8323-312722ca83f2"}
    Forwarded URL = null
   Redirected URL = null
          Cookies = []
2019-10-12 20:27:16.873  WARN 19263 --- [    Test worker] o.h.engine.jdbc.spi.SqlExceptionHelper   : SQL Error: 23001, SQLState: 23001
2019-10-12 20:27:16.873 ERROR 19263 --- [    Test worker] o.h.engine.jdbc.spi.SqlExceptionHelper   : Unique index or primary key violation: "UK_3K4CPLVH82SRUEUTTFKWNYLQ0_INDEX_7 ON PUBLIC.APP_USER(USERNAME)"; SQL statement:
insert into app_user (created, email, first_name, last_name, password, phone, updated, username, version, id) values (?, ?, ?, ?, ?, ?, ?, ?, ?, ?) [23001-148]
2019-10-12 20:27:16.874 ERROR 19263 --- [    Test worker] o.h.i.ExceptionMapperStandardImpl        : HHH000346: Error during managed flush [org.hibernate.exception.ConstraintViolationException: could not execute statement]

MockHttpServletRequest:
      HTTP Method = GET
      Request URI = /api/project/all
       Parameters = {}
          Headers = []
             Body = null
    Session Attrs = {}

Handler:
             Type = ru.rmamedov.taskmanager.controller.ProjectController
           Method = public org.springframework.http.ResponseEntity<java.util.Set<ru.rmamedov.taskmanager.model.DTO.ProjectProjection>> ru.rmamedov.taskmanager.controller.ProjectController.findAllByUserId(org.springframework.security.core.Authentication)

Async:
    Async started = false
     Async result = null

Resolved Exception:
             Type = null

ModelAndView:
        View name = null
             View = null
            Model = null

FlashMap:
       Attributes = null

MockHttpServletResponse:
           Status = 200
    Error message = null
          Headers = [Content-Type:"application/json;charset=UTF-8", X-Content-Type-Options:"nosniff", X-XSS-Protection:"1; mode=block", Cache-Control:"no-cache, no-store, max-age=0, must-revalidate", Pragma:"no-cache", Expires:"0", X-Frame-Options:"DENY"]
     Content type = application/json;charset=UTF-8
             Body = [{"description":"mcaVChYZbT","name":"TISVrZbUlD","id":"d2d245e6-17f4-4e56-9bbd-2750b6a82acf"},{"description":"NGVMjlpKjS","name":"PGoqisVeMZ","id":"8282ebc9-e4a8-49d7-b88f-3baa05a7143f"}]
    Forwarded URL = null
   Redirected URL = null
          Cookies = []

MockHttpServletRequest:
      HTTP Method = POST
      Request URI = /api/manager/project/save
       Parameters = {}
          Headers = [Content-Type:"application/json;charset=UTF-8"]
             Body = {"id":null,"name":"BiyoOnPNTG","description":"icxFdzPPgv","created":null,"updated":null,"startDate":"2019-10-13","createdBy":null,"users":[]}
    Session Attrs = {}

Handler:
             Type = null

Async:
    Async started = false
     Async result = null

Resolved Exception:
             Type = null

ModelAndView:
        View name = null
             View = null
            Model = null

FlashMap:
       Attributes = null

MockHttpServletResponse:
           Status = 401
    Error message = Unauthorized
          Headers = [WWW-Authenticate:"Basic realm="Realm"", X-Content-Type-Options:"nosniff", X-XSS-Protection:"1; mode=block", Cache-Control:"no-cache, no-store, max-age=0, must-revalidate", Pragma:"no-cache", Expires:"0", X-Frame-Options:"DENY"]
     Content type = null
             Body = 
    Forwarded URL = null
   Redirected URL = null
          Cookies = []

MockHttpServletRequest:
      HTTP Method = GET
      Request URI = /api/project/find/123
       Parameters = {}
          Headers = []
             Body = null
    Session Attrs = {}

Handler:
             Type = null

Async:
    Async started = false
     Async result = null

Resolved Exception:
             Type = null

ModelAndView:
        View name = null
             View = null
            Model = null

FlashMap:
       Attributes = null

MockHttpServletResponse:
           Status = 401
    Error message = Unauthorized
          Headers = [WWW-Authenticate:"Basic realm="Realm"", X-Content-Type-Options:"nosniff", X-XSS-Protection:"1; mode=block", Cache-Control:"no-cache, no-store, max-age=0, must-revalidate", Pragma:"no-cache", Expires:"0", X-Frame-Options:"DENY"]
     Content type = null
             Body = 
    Forwarded URL = null
   Redirected URL = null
          Cookies = []
]]></system-out>
  <system-err><![CDATA[]]></system-err>
</testsuite>
